0 info it worked if it ends with ok
1 verbose cli [ '/usr/bin/nodejs', '/usr/bin/npm', 'install', 'ng-s3upload' ]
2 info using npm@2.14.7
3 info using node@v4.2.1
4 verbose install initial load of /home/javed/Desktop/Projects/zolo-frontend/package.json
5 verbose installManyTop reading scoped package data from /home/javed/Desktop/Projects/zolo-frontend/node_modules/angular-ui-form-validation/package.json
6 verbose installManyTop reading scoped package data from /home/javed/Desktop/Projects/zolo-frontend/node_modules/body-parser/package.json
7 verbose installManyTop reading scoped package data from /home/javed/Desktop/Projects/zolo-frontend/node_modules/bower/package.json
8 verbose installManyTop reading scoped package data from /home/javed/Desktop/Projects/zolo-frontend/node_modules/cookie-parser/package.json
9 verbose installManyTop reading scoped package data from /home/javed/Desktop/Projects/zolo-frontend/node_modules/express/package.json
10 verbose installManyTop reading scoped package data from /home/javed/Desktop/Projects/zolo-frontend/node_modules/grunt/package.json
11 verbose installManyTop reading scoped package data from /home/javed/Desktop/Projects/zolo-frontend/node_modules/grunt-contrib-sass/package.json
12 verbose installManyTop reading scoped package data from /home/javed/Desktop/Projects/zolo-frontend/node_modules/grunt-contrib-watch/package.json
13 verbose installManyTop reading scoped package data from /home/javed/Desktop/Projects/zolo-frontend/node_modules/lodash/package.json
14 verbose installManyTop reading scoped package data from /home/javed/Desktop/Projects/zolo-frontend/node_modules/ng-file-upload/package.json
15 verbose installManyTop reading scoped package data from /home/javed/Desktop/Projects/zolo-frontend/node_modules/node/package.json
16 info package.json cookie-parser@1.3.4 No license field.
17 info package.json node@0.0.0 No description
18 info package.json node@0.0.0 No repository field.
19 info package.json node@0.0.0 No README data
20 info package.json node@0.0.0 No license field.
21 info package.json grunt-contrib-sass@0.7.4 No license field.
22 info package.json grunt-contrib-watch@0.6.1 No license field.
23 info package.json grunt@0.4.5 No license field.
24 info package.json angular-ui-form-validation@2.0.1 No license field.
25 verbose readDependencies loading dependencies from /home/javed/Desktop/Projects/zolo-frontend/package.json
26 verbose readDependencies npm-shrinkwrap.json is overriding dependencies
27 info shrinkwrap file "/home/javed/Desktop/Projects/zolo-frontend/npm-shrinkwrap.json"
28 verbose readDependencies returned deps { 'body-parser': 'https://registry.npmjs.org/body-parser/-/body-parser-1.12.0.tgz',
28 verbose readDependencies returned deps   'cookie-parser': 'https://registry.npmjs.org/cookie-parser/-/cookie-parser-1.3.4.tgz',
28 verbose readDependencies returned deps   express: 'https://registry.npmjs.org/express/-/express-4.4.5.tgz',
28 verbose readDependencies returned deps   lodash: 'https://registry.npmjs.org/lodash/-/lodash-3.3.0.tgz' }
29 silly cache add args [ 'ng-s3upload', null ]
30 verbose cache add spec ng-s3upload
31 silly cache add parsed spec Result {
31 silly cache add   raw: 'ng-s3upload',
31 silly cache add   scope: null,
31 silly cache add   name: 'ng-s3upload',
31 silly cache add   rawSpec: '',
31 silly cache add   spec: '*',
31 silly cache add   type: 'range' }
32 silly addNamed ng-s3upload@*
33 verbose addNamed "*" is a valid semver range for ng-s3upload
34 silly addNameRange { name: 'ng-s3upload', range: '*', hasData: false }
35 silly mapToRegistry name ng-s3upload
36 silly mapToRegistry using default registry
37 silly mapToRegistry registry https://registry.npmjs.org/
38 silly mapToRegistry uri https://registry.npmjs.org/ng-s3upload
39 verbose addNameRange registry:https://registry.npmjs.org/ng-s3upload not in flight; fetching
40 verbose request uri https://registry.npmjs.org/ng-s3upload
41 verbose request no auth needed
42 info attempt registry request try #1 at 12:49:16
43 verbose request id 38240ee6bddb9d93
44 http request GET https://registry.npmjs.org/ng-s3upload
45 http 404 https://registry.npmjs.org/ng-s3upload
46 verbose headers { 'content-type': 'application/json',
46 verbose headers   'cache-control': 'max-age=0',
46 verbose headers   'content-length': '2',
46 verbose headers   'accept-ranges': 'bytes',
46 verbose headers   date: 'Wed, 28 Oct 2015 07:19:18 GMT',
46 verbose headers   via: '1.1 varnish',
46 verbose headers   age: '0',
46 verbose headers   connection: 'keep-alive',
46 verbose headers   'x-served-by': 'cache-nrt6124-NRT',
46 verbose headers   'x-cache': 'MISS',
46 verbose headers   'x-cache-hits': '0',
46 verbose headers   'x-timer': 'S1446016758.012406,VS0,VE120' }
47 silly get cb [ 404,
47 silly get   { 'content-type': 'application/json',
47 silly get     'cache-control': 'max-age=0',
47 silly get     'content-length': '2',
47 silly get     'accept-ranges': 'bytes',
47 silly get     date: 'Wed, 28 Oct 2015 07:19:18 GMT',
47 silly get     via: '1.1 varnish',
47 silly get     age: '0',
47 silly get     connection: 'keep-alive',
47 silly get     'x-served-by': 'cache-nrt6124-NRT',
47 silly get     'x-cache': 'MISS',
47 silly get     'x-cache-hits': '0',
47 silly get     'x-timer': 'S1446016758.012406,VS0,VE120' } ]
48 verbose stack Error: Registry returned 404 for GET on https://registry.npmjs.org/ng-s3upload
48 verbose stack     at makeError (/usr/lib/node_modules/npm/node_modules/npm-registry-client/lib/request.js:264:12)
48 verbose stack     at CachingRegistryClient.<anonymous> (/usr/lib/node_modules/npm/node_modules/npm-registry-client/lib/request.js:242:14)
48 verbose stack     at Request._callback (/usr/lib/node_modules/npm/node_modules/npm-registry-client/lib/request.js:172:14)
48 verbose stack     at Request.self.callback (/usr/lib/node_modules/npm/node_modules/request/request.js:198:22)
48 verbose stack     at emitTwo (events.js:87:13)
48 verbose stack     at Request.emit (events.js:172:7)
48 verbose stack     at Request.<anonymous> (/usr/lib/node_modules/npm/node_modules/request/request.js:1063:14)
48 verbose stack     at emitOne (events.js:82:20)
48 verbose stack     at Request.emit (events.js:169:7)
48 verbose stack     at IncomingMessage.<anonymous> (/usr/lib/node_modules/npm/node_modules/request/request.js:1009:12)
49 verbose statusCode 404
50 verbose pkgid ng-s3upload
51 verbose cwd /home/javed/Desktop/Projects/zolo-frontend
52 error Linux 3.19.0-27-generic
53 error argv "/usr/bin/nodejs" "/usr/bin/npm" "install" "ng-s3upload"
54 error node v4.2.1
55 error npm  v2.14.7
56 error code E404
57 error 404 Registry returned 404 for GET on https://registry.npmjs.org/ng-s3upload
57 error 404
57 error 404 'ng-s3upload' is not in the npm registry.
57 error 404 You should bug the author to publish it (or use the name yourself!)
57 error 404 It was specified as a dependency of 'note-wrangler'
57 error 404
57 error 404 Note that you can also install from a
57 error 404 tarball, folder, http url, or git url.
58 verbose exit [ 1, true ]
